2025-07-08 21:00:31,400 - INFO - Scraper: Scraping started.
2025-07-08 21:00:33,258 - INFO - Scraper: Added "Prod'air".
2025-07-08 21:00:33,463 - INFO - Scraper: Added "Dyn IT Maroc".
2025-07-08 21:00:33,653 - INFO - Scraper: Added "ARROW ECS".
2025-07-08 21:00:33,823 - INFO - Scraper: Added "ICC MAROC SERVICES".
2025-07-08 21:00:33,990 - INFO - Scraper: Added "APEBI - Fédération des Technologies de l'Information, des Télécommunications et de l'Offshoring".
2025-07-08 21:00:34,191 - INFO - Scraper: Added "Chambre de Commerce Internationale Maroc".
2025-07-08 21:00:34,400 - INFO - Scraper: Added "ADINES MAROC".
2025-07-08 21:00:34,617 - INFO - Scraper: Added "VIGEO".
2025-07-08 21:00:34,802 - INFO - Scraper: Added "Maroc Numeric Fund.".
2025-07-08 21:00:35,113 - INFO - Scraper: Added "Centre des Jeunes Dirigeants".
2025-07-08 21:00:35,457 - INFO - Scraper: Added "AL AKHAWAYN UNIVERSITY".
2025-07-08 21:00:35,735 - INFO - Scraper: Added "Arcanes Technologies".
2025-07-08 21:00:35,994 - INFO - Scraper: Added "ITFACTO".
2025-07-08 21:00:36,232 - INFO - Scraper: Added "Pulse Informatique".
2025-07-08 21:00:36,484 - INFO - Scraper: Added "Réseau Entreprendre Maroc".
2025-07-08 21:00:36,744 - INFO - Scraper: Added "Happy Ventures".
2025-07-08 21:00:37,000 - INFO - Scraper: Added "Innovation Process Control".
2025-07-08 21:00:37,267 - INFO - Scraper: Added "Association Enactus Morocco".
2025-07-08 21:00:37,610 - INFO - Scraper: Added "ATRAIT TECHNOLOGIES".
2025-07-08 21:00:37,948 - INFO - Scraper: Added "xHub".
2025-07-08 21:00:38,267 - INFO - Scraper: Added "BCLOUD Consulting".
2025-07-08 21:00:38,597 - INFO - Scraper: Added "BMCE BANK".
2025-07-08 21:00:38,899 - INFO - Scraper: Added "Welearn".
2025-07-08 21:00:39,236 - INFO - Scraper: Added "Mosaiclab".
2025-07-08 21:00:39,568 - INFO - Scraper: Added "Easyrun".
2025-07-08 21:00:39,972 - INFO - Scraper: Added "ZEN NETWORKS".
2025-07-08 21:00:40,301 - INFO - Scraper: Added "INSTITUT NATIONAL DES POSTES ET TELECOMMUNICATIONS (INPT)".
2025-07-08 21:00:40,752 - INFO - Scraper: Added "CYCLAD MAROC".
2025-07-08 21:00:41,159 - INFO - Scraper: Added "ACTIVELABS".
2025-07-08 21:00:41,591 - INFO - Scraper: Added "Inovadex Consulting".
2025-07-08 21:00:42,003 - INFO - Scraper: Added "HUMAN MARKETING CONSULTING".
2025-07-08 21:00:42,563 - INFO - Scraper: Added "OMNISHORE SARL".
2025-07-08 21:00:43,087 - INFO - Scraper: Added "ECONER SARL".
2025-07-08 21:00:43,575 - INFO - Scraper: Added "Skylark Services".
2025-07-08 21:00:43,984 - INFO - Scraper: Added "La startup station".
2025-07-08 21:00:44,421 - INFO - Scraper: Added "PIXELWEB".
2025-07-08 21:00:44,950 - INFO - Scraper: Added "LBA Factory".
2025-07-08 21:00:45,418 - INFO - Scraper: Added "Precision Systems".
2025-07-08 21:00:45,963 - INFO - Scraper: Added "SMARTBUS".
2025-07-08 21:00:46,455 - INFO - Scraper: Added "WGENCY".
2025-07-08 21:00:46,929 - INFO - Scraper: Added "Positeams SARL".
2025-07-08 21:00:47,406 - INFO - Scraper: Added "JOB2COM".
2025-07-08 21:00:47,903 - INFO - Scraper: Added "Education Media Company".
2025-07-08 21:00:48,368 - INFO - Scraper: Added "DABATEK".
2025-07-08 21:00:49,202 - INFO - Scraper: Added "gest'up sarl".
2025-07-08 21:00:49,968 - INFO - Scraper: Added "Hsabati".
2025-07-08 21:00:50,718 - INFO - Scraper: Added "DevoTech".
2025-07-08 21:00:51,435 - INFO - Scraper: Added "HOUSSNIJOB".
2025-07-08 21:00:52,015 - INFO - Scraper: Added "AgenZ SARL".
2025-07-08 21:00:52,520 - INFO - Scraper: Added "Orange StartOn".
2025-07-08 21:00:53,079 - INFO - Scraper: Added "ODDNET".
2025-07-08 21:00:53,598 - INFO - Scraper: Added "TENORS COMPETENCES".
2025-07-08 21:00:54,121 - INFO - Scraper: Added "SAGIDEV".
2025-07-08 21:00:54,687 - INFO - Scraper: Added "Onedustry Technologies SARL".
2025-07-08 21:00:55,418 - INFO - Scraper: Added "COGNERP NORTH AFRICA /COGNITUS".
2025-07-08 21:00:56,098 - INFO - Scraper: Added "GE Network".
2025-07-08 21:00:56,791 - INFO - Scraper: Added "I-City".
2025-07-08 21:00:57,513 - INFO - Scraper: Added "CLOUDFRET".
2025-07-08 21:00:58,197 - INFO - Scraper: Added "The Nameless Company".
2025-07-08 21:00:58,813 - INFO - Scraper: Added "CEED MOROCCO".
2025-07-08 21:00:59,477 - INFO - Scraper: Added "Dinomite Studios".
2025-07-08 21:01:00,073 - INFO - Scraper: Added "SCA prod".
2025-07-08 21:01:00,652 - INFO - Scraper: Added "MEDIA FUSION".
2025-07-08 21:01:01,360 - INFO - Scraper: Added "Vetras Electronics".
2025-07-08 21:01:02,032 - INFO - Scraper: Added "Centre Tamkeen".
2025-07-08 21:01:02,753 - INFO - Scraper: Added "Id&a tech".
2025-07-08 21:01:03,427 - INFO - Scraper: Added "DEALKHIR".
2025-07-08 21:01:04,088 - INFO - Scraper: Added "Ta7alil2.0".
2025-07-08 21:01:04,791 - INFO - Scraper: Added "Wojod".
2025-07-08 21:01:05,419 - INFO - Scraper: Added "advance agency".
2025-07-08 21:01:06,069 - INFO - Scraper: Added "HD VISION GROUPE".
2025-07-08 21:01:06,747 - INFO - Scraper: Added "MONTBLANC CONSULTING".
2025-07-08 21:01:07,492 - INFO - Scraper: Added "Iosen tech".
2025-07-08 21:01:08,246 - INFO - Scraper: Added "BENGY.H SOLUTIONS".
2025-07-08 21:01:08,999 - INFO - Scraper: Added "QC Tech SARL".
2025-07-08 21:01:09,804 - INFO - Scraper: Added "HumanTech Solutions".
2025-07-08 21:01:10,563 - INFO - Scraper: Added "ONLINE DIGITAL MEDIA AGENCY".
2025-07-08 21:01:11,285 - INFO - Scraper: Added "U AXELERATE".
2025-07-08 21:01:12,022 - INFO - Scraper: Added "ARIST".
2025-07-08 21:01:12,775 - INFO - Scraper: Added "GAME UP".
2025-07-08 21:01:13,525 - INFO - Scraper: Added "DIGI FIRM".
2025-07-08 21:01:14,365 - INFO - Scraper: Added "Marka Solution".
2025-07-08 21:01:15,168 - INFO - Scraper: Added "ACAL Solutions".
2025-07-08 21:01:15,985 - INFO - Scraper: Added "IS-TECH".
2025-07-08 21:01:16,780 - INFO - Scraper: Added "Go Branding".
2025-07-08 21:01:17,615 - INFO - Scraper: Added "TEC FORGE SARL".
2025-07-08 21:01:18,379 - INFO - Scraper: Added "RÉFÉRENCEMENT WEB".
2025-07-08 21:01:19,182 - INFO - Scraper: Added "ZY DEV SARL".
2025-07-08 21:01:19,959 - INFO - Scraper: Added "Conseil Khatim".
2025-07-08 21:01:20,779 - INFO - Scraper: Added "Alliance Ever".
2025-07-08 21:01:21,654 - INFO - Scraper: Added "NOWEDGE SARL".
2025-07-08 21:01:22,468 - INFO - Scraper: Added "PIGMA SYSTEM SARL".
2025-07-08 21:01:23,333 - INFO - Scraper: Added "Coding Art".
2025-07-08 21:01:24,241 - INFO - Scraper: Added "GRAVITON SOLUTIONS".
2025-07-08 21:01:25,163 - INFO - Scraper: Added "EBTIKARWEB".
2025-07-08 21:01:26,007 - INFO - Scraper: Added "MZ LOUAFI".
2025-07-08 21:01:26,864 - INFO - Scraper: Added "Zenika Technology".
2025-07-08 21:01:27,745 - INFO - Scraper: Added "YOKAMOS SARL".
2025-07-08 21:01:28,642 - INFO - Scraper: Added "BIBORNE".
2025-07-08 21:01:29,597 - INFO - Scraper: Added "ESSANET MAROC".
2025-07-08 21:01:30,522 - INFO - Scraper: Added "Meriva".
2025-07-08 21:01:31,508 - INFO - Scraper: Added "KEKELI ACADEMY".
2025-07-08 21:01:32,651 - INFO - Scraper: Added "SONATE TECHNOLOGIE".
2025-07-08 21:01:33,640 - INFO - Scraper: Added "Hisneo".
2025-07-08 21:01:34,538 - INFO - Scraper: Added "Euryops".
2025-07-08 21:01:35,459 - INFO - Scraper: Added "GEOAP".
2025-07-08 21:01:36,374 - INFO - Scraper: Added "MARKET SHARE SARL".
2025-07-08 21:01:37,289 - INFO - Scraper: Added "Noops".
2025-07-08 21:01:38,293 - INFO - Scraper: Added "Kayan Arts".
2025-07-08 21:01:39,271 - INFO - Scraper: Added "Wedo app".
2025-07-08 21:01:40,262 - INFO - Scraper: Added "BitBot".
2025-07-08 21:01:41,370 - INFO - Scraper: Added "Marketpill".
2025-07-08 21:01:42,368 - INFO - Scraper: Added "SG digital and service".
2025-07-08 21:01:43,398 - INFO - Scraper: Added "BIM'R Engineering".
2025-07-08 21:01:44,427 - INFO - Scraper: Added "Thinksoft solutions".
2025-07-08 21:01:45,426 - INFO - Scraper: Added "EGA SOLUTIONS SARL".
2025-07-08 21:01:46,414 - INFO - Scraper: Added "SOCIETE SILYA BUSINESS".
2025-07-08 21:01:47,517 - INFO - Scraper: Added "Assala Production".
2025-07-08 21:01:48,593 - INFO - Scraper: Added "NEXT CONSULTING".
2025-07-08 21:01:49,658 - INFO - Scraper: Added "DIGILION AGENCY".
2025-07-08 21:01:50,716 - INFO - Scraper: Added "SOCIETE AFRICAINE DE L'ORGANISATION ET DE DEVELOPPEMENT DES METIERS DES INDEPENDANTS".
2025-07-08 21:01:51,815 - INFO - Scraper: Added "D-EXPERTS".
2025-07-08 21:01:52,917 - INFO - Scraper: Added "New Global Electronics".
2025-07-08 21:01:53,994 - INFO - Scraper: Added "10gital".
2025-07-08 21:01:55,070 - INFO - Scraper: Added "Fondation HIBA".
2025-07-08 21:01:56,137 - INFO - Scraper: Added "LeMarketing Maroc".
2025-07-08 21:01:57,266 - INFO - Scraper: Added "SAHAB DEV".
2025-07-08 21:01:58,414 - INFO - Scraper: Added "Ethical Data Security".
2025-07-08 21:01:59,527 - INFO - Scraper: Added "Bewize".
2025-07-08 21:02:00,640 - INFO - Scraper: Added "Featury Maroc".
2025-07-08 21:02:01,742 - INFO - Scraper: Added "CDA CONSULTING".
2025-07-08 21:02:02,941 - INFO - Scraper: Added "AFFAIRINO".
2025-07-08 21:02:04,075 - INFO - Scraper: Added "TRT POS".
2025-07-08 21:02:05,159 - INFO - Scraper: Added "GIFT MANAGEMENT MOROCCO".
2025-07-08 21:02:06,267 - INFO - Scraper: Added "DIGITAL4YOU CONSULTING".
2025-07-08 21:02:07,569 - INFO - Scraper: Added "Hany & Zen".
2025-07-08 21:02:08,716 - INFO - Scraper: Added "Schoolify".
2025-07-08 21:02:09,928 - INFO - Scraper: Added "V5 DIGITAL".
2025-07-08 21:02:11,109 - INFO - Scraper: Added "ISSROAD".
2025-07-08 21:02:12,273 - INFO - Scraper: Added "Servalog".
2025-07-08 21:02:13,540 - INFO - Scraper: Added "Nostrum Media Sarl".
2025-07-08 21:02:14,823 - INFO - Scraper: Added "Club Des Dirigeants".
2025-07-08 21:02:15,989 - INFO - Scraper: Added "OPENSCHOOL".
2025-07-08 21:02:17,192 - INFO - Scraper: Added "ZAIM DIGITAL".
2025-07-08 21:02:18,505 - INFO - Scraper: Added "HIGH IT LAB".
2025-07-08 21:02:19,860 - INFO - Scraper: Added "Hala Techno".
2025-07-08 21:02:21,171 - INFO - Scraper: Added "GAS INDUSTY CONSULTING & SERVICES "GICS"".
2025-07-08 21:02:22,442 - INFO - Scraper: Added "D&A TRUST".
2025-07-08 21:02:23,715 - INFO - Scraper: Added "TRESORERIE.MA".
2025-07-08 21:02:25,039 - INFO - Scraper: Added "4 TECH Lab".
2025-07-08 21:02:26,290 - INFO - Scraper: Added "1337".
2025-07-08 21:02:27,631 - INFO - Scraper: Added "CENT ONZE FACTORY SARL".
2025-07-08 21:02:28,897 - INFO - Scraper: Added "Y SCHOOL".
2025-07-08 21:02:30,275 - INFO - Scraper: Added "AGENCE DIGITALE GZAM - SARL".
2025-07-08 21:02:31,585 - INFO - Scraper: Added "APTUS SOFTWARE".
2025-07-08 21:02:32,940 - INFO - Scraper: Added "kenjanoishi".
2025-07-08 21:02:34,328 - INFO - Scraper: Added "APPBASE".
2025-07-08 21:02:35,733 - INFO - Scraper: Added "HBM Solutions".
2025-07-08 21:02:37,029 - INFO - Scraper: Added "Pazel TECHNOLOGIE".
2025-07-08 21:02:38,364 - INFO - Scraper: Added "SHAPEKEY".
2025-07-08 21:02:39,655 - INFO - Scraper: Added "Solinnova".
2025-07-08 21:02:41,088 - INFO - Scraper: Added "Apptree".
2025-07-08 21:02:42,552 - INFO - Scraper: Added "bytebuild sarl".
2025-07-08 21:02:43,920 - INFO - Scraper: Added "E-VIA IT SERVICES".
2025-07-08 21:02:45,349 - INFO - Scraper: Added "C Behind".
2025-07-08 21:02:46,871 - INFO - Scraper: Added "TERRAGIS".
2025-07-08 21:02:48,304 - INFO - Scraper: Added "MCISE".
2025-07-08 21:02:49,705 - INFO - Scraper: Added "DEVTI TECHNOLOGIE".
2025-07-08 21:02:51,150 - INFO - Scraper: Added "ASSOCIATION TIBU AFRICA".
2025-07-08 21:02:52,897 - INFO - Scraper: Added "Axlab".
2025-07-08 21:02:54,787 - INFO - Scraper: Added "AMASOFT".
2025-07-08 21:02:56,547 - INFO - Scraper: Added "Caisse de Dépôt et de Gestion".
2025-07-08 21:02:58,132 - INFO - Scraper: Added "HELP MARIAGE".
2025-07-08 21:02:59,852 - INFO - Scraper: Added "FONDATION MAROCAINE DE L'EDUCATION POUR L'EMPLOI".
2025-07-08 21:03:02,733 - INFO - Scraper: Added "BTRUST ADVISORY & TECHNOLOGY".
2025-07-08 21:03:05,062 - INFO - Scraper: Added "AVENIRPRENEUR".
2025-07-08 21:03:06,782 - INFO - Scraper: Added "DIGITO".
2025-07-08 21:03:08,286 - INFO - Scraper: Added "PayNow".
2025-07-08 21:03:09,773 - INFO - Scraper: Added "NEXTRONIC".
2025-07-08 21:03:11,349 - INFO - Scraper: Added "DEVCORP".
2025-07-08 21:03:13,100 - INFO - Scraper: Added "SMART ENGINEERING SOLUTION".
2025-07-08 21:03:14,729 - INFO - Scraper: Added "YAAS IT".
2025-07-08 21:03:16,691 - INFO - Scraper: Added "MEDIASSIVE".
2025-07-08 21:03:18,250 - INFO - Scraper: Added "YANVISION".
2025-07-08 21:03:19,797 - INFO - Scraper: Added "AS Media Group".
2025-07-08 21:03:21,278 - INFO - Scraper: Added "SAPHIR CAISSE".
2025-07-08 21:03:22,790 - INFO - Scraper: Added "MOHAMMED GUIJJOU".
2025-07-08 21:03:24,388 - INFO - Scraper: Added "WECANDIGITAL SOLUTIONS".
2025-07-08 21:03:25,936 - INFO - Scraper: Added "mlnetworks".
2025-07-08 21:03:27,625 - INFO - Scraper: Added "Artchemist Studio".
2025-07-08 21:03:29,251 - INFO - Scraper: Added "ESTRELLA BUSINESS".
2025-07-08 21:03:30,891 - INFO - Scraper: Added "VISIOPROCESS".
2025-07-08 21:03:32,528 - INFO - Scraper: Added "ARRA Engineering".
2025-07-08 21:03:34,164 - INFO - Scraper: Added "DIGITIS".
2025-07-08 21:03:35,768 - INFO - Scraper: Added "AISHORE".
2025-07-08 21:03:37,399 - INFO - Scraper: Added "Smart Retail technologies".
2025-07-08 21:03:39,016 - INFO - Scraper: Added "MKSTUDIOS Maroc".
2025-07-08 21:03:40,646 - INFO - Scraper: Added "RADI ART AGENCY SARL AU".
2025-07-08 21:03:42,450 - INFO - Scraper: Added "SMART COLLECTE".
2025-07-08 21:03:44,168 - INFO - Scraper: Added "RUBICON".
2025-07-08 21:03:45,840 - INFO - Scraper: Added "OPENMIND TECHNOLOGIES".
2025-07-08 21:03:47,480 - INFO - Scraper: Added "BAKHAT MEDIA".
2025-07-08 21:03:49,195 - INFO - Scraper: Added "DATATIKA".
2025-07-08 21:03:50,897 - INFO - Scraper: Added "HEBERINO".
2025-07-08 21:03:52,624 - INFO - Scraper: Added "STE A&T EXPERTS".
2025-07-08 21:03:54,380 - INFO - Scraper: Added "GLOBAL INFLUENCE".
2025-07-08 21:03:56,089 - INFO - Scraper: Added "WEBLIFY MEDIA".
2025-07-08 21:03:57,868 - INFO - Scraper: Added "PIXELFORGE".
2025-07-08 21:03:59,613 - INFO - Scraper: Added "DIAL TECHNOLOGIES".
2025-07-08 21:04:01,398 - INFO - Scraper: Added "ADVERTISER".
2025-07-08 21:04:03,209 - INFO - Scraper: Added "EAC - L'BOULVART".
2025-07-08 21:04:04,973 - INFO - Scraper: Added "KEY INTELLIGENT TECHNOLOGY".
2025-07-08 21:04:06,934 - INFO - Scraper: Added "Yo Maroc SARL".
2025-07-08 21:04:08,806 - INFO - Scraper: Added "SUPART LAB".
2025-07-08 21:04:10,704 - INFO - Scraper: Added "NeoSequence".
2025-07-08 21:04:12,494 - INFO - Scraper: Added "SYGMA.AI".
2025-07-08 21:04:14,436 - INFO - Scraper: Added "MEDIA DIALNA".
2025-07-08 21:04:16,365 - INFO - Scraper: Added "eaneerdotcom".
2025-07-08 21:04:18,172 - INFO - Scraper: Added "SYSTEME AND DATA DRIVEN".
2025-07-08 21:04:20,135 - INFO - Scraper: Added "TALENTECH SOLUTIONS".
2025-07-08 21:04:22,141 - INFO - Scraper: Added "WEINDUSTRY".
2025-07-08 21:04:23,964 - INFO - Scraper: Added "DESIGN LAB".
2025-07-08 21:04:25,792 - INFO - Scraper: Added "AZA PETROSOLUTIONS".
2025-07-08 21:04:27,625 - INFO - Scraper: Added "MLP Consulting".
2025-07-08 21:04:29,627 - INFO - Scraper: Added "NEXENTECH CONSULTING".
2025-07-08 21:04:31,562 - INFO - Scraper: Added "Stream Lean industry".
2025-07-08 21:04:33,620 - INFO - Scraper: Added "Agri Contracting Services sarl".
2025-07-08 21:04:35,498 - INFO - Scraper: Added "SARAH & ADAM COMMERCE".
2025-07-08 21:04:37,421 - INFO - Scraper: Added "DIGITAL STORE BUZZ".
2025-07-08 21:04:39,393 - INFO - Scraper: Added "CANAL TECHNOLOGY GROUP".
2025-07-08 21:04:41,466 - INFO - Scraper: Added "CLICK DOC".
2025-07-08 21:04:43,386 - INFO - Scraper: Added "123 click agency".
2025-07-08 21:04:45,394 - INFO - Scraper: Added "MORIANA CONSULTING".
2025-07-08 21:04:47,352 - INFO - Scraper: Added "F2A DIGITAL".
2025-07-08 21:04:49,555 - INFO - Scraper: Added "SVB DEV".
2025-07-08 21:04:51,557 - INFO - Scraper: Added "EDRONIC TECHNOLOGIE".
2025-07-08 21:04:53,649 - INFO - Scraper: Added "SWIFT SOURCING".
2025-07-08 21:04:55,809 - INFO - Scraper: Added "AuthentiCom".
2025-07-08 21:04:57,880 - INFO - Scraper: Added "JADARA FOUNDATION".
2025-07-08 21:05:00,135 - INFO - Scraper: Added "AI WOLVES".
2025-07-08 21:05:02,275 - INFO - Scraper: Added "TOUIL DIGICOM".
2025-07-08 21:05:04,314 - INFO - Scraper: Added "Humantal Maroc".
2025-07-08 21:05:06,509 - INFO - Scraper: Added "HARMONASSABA".
2025-07-08 21:05:08,598 - INFO - Scraper: Added "MOOROOT STUDIO".
2025-07-08 21:05:10,742 - INFO - Scraper: Added "MEDIFY".
2025-07-08 21:05:12,872 - INFO - Scraper: Added "MonFeed".
2025-07-08 21:05:15,186 - INFO - Scraper: Added "YAN AFRICA".
2025-07-08 21:05:17,294 - INFO - Scraper: Added "Ki2powers".
2025-07-08 21:05:19,435 - INFO - Scraper: Added "appGuru".
2025-07-08 21:05:21,562 - INFO - Scraper: Added "CARTWAY".
2025-07-08 21:05:23,791 - INFO - Scraper: Added "OLIVE AGENCY MOROCCO".
2025-07-08 21:05:26,492 - INFO - Scraper: Added "Mobiconnect Technologies SARL".
2025-07-08 21:05:28,783 - INFO - Scraper: Added "ScandiTek SARL".
2025-07-08 21:05:31,109 - INFO - Scraper: Added "SMODU".
2025-07-08 21:05:33,267 - INFO - Scraper: Added "I2DS".
2025-07-08 21:05:35,476 - INFO - Scraper: Added "MARIAGESDOTIO".
2025-07-08 21:05:37,685 - INFO - Scraper: Added "JAAG ADVISORY".
2025-07-08 21:05:39,917 - INFO - Scraper: Added "EVOMARKET".
2025-07-08 21:05:42,177 - INFO - Scraper: Added "May June Solutions".
2025-07-08 21:05:44,773 - INFO - Scraper: Added "IBOGA.MA".
2025-07-08 21:05:47,029 - INFO - Scraper: Added "Innovative & Sustainable Solutions".
2025-07-08 21:05:49,584 - INFO - Scraper: Added "Wovoiture".
2025-07-08 21:05:51,958 - INFO - Scraper: Added "Prime synergy group".
2025-07-08 21:05:54,200 - INFO - Scraper: Added "WASSIE DEVELOPPEMENT".
2025-07-08 21:05:56,710 - INFO - Scraper: Added "REFOOD".
2025-07-08 21:05:59,074 - INFO - Scraper: Added "STRATÉGIE TRENTE-DEUX".
2025-07-08 21:06:01,417 - INFO - Scraper: Added "ESHIFT".
2025-07-08 21:06:04,116 - INFO - Scraper: Added "AH DIGITAL".
2025-07-08 21:06:06,449 - INFO - Scraper: Added "TECHSTRIDE SOLUTIONS".
2025-07-08 21:06:08,763 - INFO - Scraper: Added "AYL AGENCY".
2025-07-08 21:06:11,248 - INFO - Scraper: Added "KHOTWA'PROD".
2025-07-08 21:06:13,843 - INFO - Scraper: Added "SGTECH MOROCO".
2025-07-08 21:06:16,263 - INFO - Scraper: Added "Capture with Ess".
2025-07-08 21:06:18,878 - INFO - Scraper: Added "EP MASTERS".
2025-07-08 21:06:21,305 - INFO - Scraper: Added "OPTICAL TELECOM".
2025-07-08 21:06:23,746 - INFO - Scraper: Added "DARE COMMUNICATION".
2025-07-08 21:06:26,266 - INFO - Scraper: Added "ARTIZAL".
2025-07-08 21:06:28,653 - INFO - Scraper: Added "LEADPAL".
2025-07-08 21:06:31,268 - INFO - Scraper: Added "From Sand to Green - Maroc".
2025-07-08 21:06:33,858 - INFO - Scraper: Added "BENIFISC CONSULTING".
2025-07-08 21:06:36,617 - INFO - Scraper: Added "MAGISCOM TECH".
2025-07-08 21:06:39,216 - INFO - Scraper: Added "SAMTRUST".
2025-07-08 21:06:41,792 - INFO - Scraper: Added "Biker SOLUTIONS".
2025-07-08 21:06:44,357 - INFO - Scraper: Added "IDEASPARK".
2025-07-08 21:06:47,134 - INFO - Scraper: Added "KLEOS SOLUTIONS".
2025-07-08 21:06:49,782 - INFO - Scraper: Added "Centre Régional d'Investissement Marrakech-Safi".
2025-07-08 21:06:52,505 - INFO - Scraper: Added "MCTDATA".
2025-07-08 21:06:55,028 - INFO - Scraper: Added "WEB4JOBS".
2025-07-08 21:06:58,610 - INFO - Scraper: Added "DIGITALFORGE".
2025-07-08 21:07:01,699 - INFO - Scraper: Added "MX4 AI".
2025-07-08 21:07:04,478 - INFO - Scraper: Added "Symbioz it software consulting".
2025-07-08 21:07:07,767 - INFO - Scraper: Added "EXERPLIK".
2025-07-08 21:07:12,588 - INFO - Scraper: Added "WEBTRIX".
2025-07-08 21:07:16,690 - INFO - Scraper: Added "MEDIA POSTGOO".
2025-07-08 21:07:20,344 - INFO - Scraper: Added "CYBRFORGE".
2025-07-08 21:07:29,493 - INFO - Scraper: Added "CODEPULSE ST STUDIO".
2025-07-08 21:07:35,257 - INFO - Scraper: Added "DYNAAS".
2025-07-08 21:07:39,200 - INFO - Scraper: Added "BETA, SOFTWARE DEVELOPMENT".
2025-07-08 21:07:46,388 - INFO - Scraper: Added "HOSTINO".
2025-07-08 21:07:54,329 - INFO - Scraper: Added "WCM MARKETING".
2025-07-08 21:07:59,296 - INFO - Scraper: Added "FRDISI".
2025-07-08 21:08:03,402 - INFO - Scraper: Added "SM VALLEY".
2025-07-08 21:08:10,282 - INFO - Scraper: Added "M² Square Meter".
2025-07-08 21:08:15,460 - INFO - Scraper: Added "MentorClass Academy".
2025-07-08 21:08:19,130 - INFO - Scraper: Added "HOOKED DIGITAL".
2025-07-08 21:08:22,504 - INFO - Scraper: Added "Coalition Marocaine pour l’Eau « COALMA »".
2025-07-08 21:08:25,801 - INFO - Scraper: Added "MOGIFY AGENCY".
2025-07-08 21:08:29,169 - INFO - Scraper: Added "REDIA MAROC SAS".
2025-07-08 21:08:32,173 - INFO - Scraper: Added "WE DO MARKETING".
2025-07-08 21:08:35,119 - INFO - Scraper: Added "ASK IMPACT".
2025-07-08 21:08:38,187 - INFO - Scraper: Added "1755 DEV".
2025-07-08 21:08:41,496 - INFO - Scraper: Added "ALYA PAY".
2025-07-08 21:08:44,549 - INFO - Scraper: Added "CYKLE".
2025-07-08 21:08:48,057 - INFO - Scraper: Added "Nexotek".
2025-07-08 21:08:51,154 - INFO - Scraper: Added "Wise Systems WS".
2025-07-08 21:08:54,781 - INFO - Scraper: Added "CARREFOUR ANNUAIRE MAROC".
2025-07-08 21:08:58,116 - INFO - Scraper: Added "ISNADWARE".
2025-07-08 21:09:01,922 - INFO - Scraper: Added "SHOPYADS AGENCY".
2025-07-08 21:09:05,534 - INFO - Scraper: Added "NHANCIT".
2025-07-08 21:09:09,720 - INFO - Scraper: Added "RELAX AGENCY".
2025-07-08 21:09:13,443 - INFO - Scraper: Added "DOCTIFY HEALTH".
2025-07-08 21:09:17,108 - INFO - Scraper: Added "Dimacari".
2025-07-08 21:09:20,889 - INFO - Scraper: Added "AM ORIENTATION".
2025-07-08 21:09:24,207 - INFO - Scraper: Added "Agence Marocaine Multimédia Sous-Marine".
2025-07-08 21:09:28,330 - INFO - 
Scraper: SCRAPING FINISHED SUCCESSFULLY!
2025-07-08 21:09:30,806 - INFO - Scraper: Data saved to json successfully!
