2025-06-20 20:42:39,394 - INFO - 
 The number of startups found in page 1 is: 9 
2025-06-20 20:42:39,666 - INFO - Added "Prod'air".
2025-06-20 20:42:40,025 - INFO - Added "Dyn IT Maroc".
2025-06-20 20:42:40,313 - INFO - Added "ARROW ECS".
2025-06-20 20:42:40,567 - INFO - Added "ICC MAROC SERVICES".
2025-06-20 20:42:40,818 - INFO - Added "APEBI - Fédération des Technologies de l'Information, des Télécommunications et de l'Offshoring".
2025-06-20 20:42:41,054 - INFO - Added "Chambre de Commerce Internationale Maroc".
2025-06-20 20:42:41,296 - INFO - Added "ADINES MAROC".
2025-06-20 20:42:41,554 - INFO - Added "VIGEO".
2025-06-20 20:42:41,794 - INFO - Added "Maroc Numeric Fund.".
2025-06-20 20:42:41,854 - INFO - 
 The number of startups found in page 2 is: 9 
2025-06-20 20:42:42,042 - INFO - Added "Prod'air".
2025-06-20 20:42:42,387 - INFO - Added "AL AKHAWAYN UNIVERSITY".
2025-06-20 20:42:42,710 - INFO - Added "Arcanes Technologies".
2025-06-20 20:42:43,638 - INFO - Added "ITFACTO".
2025-06-20 20:42:43,940 - INFO - Added "Pulse Informatique".
2025-06-20 20:42:44,323 - INFO - Added "Réseau Entreprendre Maroc".
2025-06-20 20:42:44,654 - INFO - Added "Happy Ventures".
2025-06-20 20:42:44,993 - INFO - Added "Innovation Process Control".
2025-06-20 20:42:45,326 - INFO - Added "Association Enactus Morocco".
2025-06-20 20:42:45,464 - INFO - 
 The number of startups found in page 3 is: 9 
2025-06-20 20:42:45,674 - INFO - Added "Centre des Jeunes Dirigeants".
2025-06-20 20:42:46,138 - INFO - Added "xHub".
2025-06-20 20:42:46,571 - INFO - Added "BCLOUD Consulting".
2025-06-20 20:42:46,965 - INFO - Added "BMCE BANK".
2025-06-20 20:42:47,376 - INFO - Added "Welearn".
2025-06-20 20:42:47,788 - INFO - Added "Mosaiclab".
2025-06-20 20:42:48,220 - INFO - Added "Easyrun".
2025-06-20 20:42:48,690 - INFO - Added "ZEN NETWORKS".
2025-06-20 20:42:49,101 - INFO - Added "INSTITUT NATIONAL DES POSTES ET TELECOMMUNICATIONS (INPT)".
2025-06-20 20:42:49,318 - INFO - 
 The number of startups found in page 4 is: 9 
2025-06-20 20:42:49,547 - INFO - Added "ATRAIT TECHNOLOGIES".
2025-06-20 20:42:50,115 - INFO - Added "ACTIVELABS".
2025-06-20 20:42:50,674 - INFO - Added "Inovadex Consulting".
2025-06-20 20:42:51,195 - INFO - Added "HUMAN MARKETING CONSULTING".
2025-06-20 20:42:51,695 - INFO - Added "OMNISHORE SARL".
2025-06-20 20:42:52,192 - INFO - Added "ECONER SARL".
2025-06-20 20:42:52,889 - INFO - Added "Skylark Services".
2025-06-20 20:42:53,773 - INFO - Added "La startup station".
2025-06-20 20:42:54,344 - INFO - Added "PIXELWEB".
2025-06-20 20:42:54,667 - INFO - 
 The number of startups found in page 5 is: 9 
2025-06-20 20:42:55,035 - INFO - Added "CYCLAD MAROC".
2025-06-20 20:42:55,834 - INFO - Added "Precision Systems".
2025-06-20 20:42:56,551 - INFO - Added "SMARTBUS".
2025-06-20 20:42:57,154 - INFO - Added "WGENCY".
2025-06-20 20:42:57,814 - INFO - Added "Positeams SARL".
2025-06-20 20:42:59,090 - INFO - Added "JOB2COM".
2025-06-20 20:42:59,769 - INFO - Added "Education Media Company".
2025-06-20 20:43:00,598 - INFO - Added "DABATEK".
2025-06-20 20:43:01,235 - INFO - Added "gest'up sarl".
2025-06-20 20:43:01,655 - INFO - 
 The number of startups found in page 6 is: 9 
2025-06-20 20:43:01,904 - INFO - Added "LBA Factory".
2025-06-20 20:43:02,643 - INFO - Added "DevoTech".
2025-06-20 20:43:03,416 - INFO - Added "HOUSSNIJOB".
2025-06-20 20:43:04,275 - INFO - Added "AgenZ SARL".
2025-06-20 20:43:05,079 - INFO - Added "Orange StartOn".
2025-06-20 20:43:05,829 - INFO - Added "ODDNET".
2025-06-20 20:43:06,553 - INFO - Added "TENORS COMPETENCES".
2025-06-20 20:43:07,332 - INFO - Added "SAGIDEV".
2025-06-20 20:43:08,082 - INFO - Added "Onedustry Technologies SARL".
2025-06-20 20:43:08,601 - INFO - 
 The number of startups found in page 7 is: 9 
2025-06-20 20:43:08,893 - INFO - Added "Hsabati".
2025-06-20 20:43:09,789 - INFO - Added "GE Network".
2025-06-20 20:43:10,796 - INFO - Added "I-City".
2025-06-20 20:43:12,664 - INFO - Added "CLOUDFRET".
2025-06-20 20:43:14,399 - INFO - Added "The Nameless Company".
2025-06-20 20:43:16,014 - INFO - Added "CEED MOROCCO".
2025-06-20 20:43:16,530 - WARNING -  Process interrupted manually!
2025-06-20 20:43:43,529 - INFO - Automation flag disabled.
2025-06-20 20:43:43,529 - INFO - User agent customized.
2025-06-20 20:43:43,530 - INFO - Headless mode activated.
2025-06-20 20:43:51,287 - INFO - 
 The number of startups found in page 1 is: 9 
2025-06-20 20:43:51,561 - INFO - Added "Prod'air".
2025-06-20 20:43:51,811 - INFO - Added "Dyn IT Maroc".
2025-06-20 20:43:52,039 - INFO - Added "ARROW ECS".
2025-06-20 20:43:52,267 - INFO - Added "ICC MAROC SERVICES".
2025-06-20 20:43:52,502 - INFO - Added "APEBI - Fédération des Technologies de l'Information, des Télécommunications et de l'Offshoring".
2025-06-20 20:43:52,776 - INFO - Added "Chambre de Commerce Internationale Maroc".
2025-06-20 20:43:53,041 - INFO - Added "ADINES MAROC".
2025-06-20 20:44:03,321 - INFO - Added "VIGEO".
2025-06-20 20:44:03,613 - INFO - Added "Maroc Numeric Fund.".
2025-06-20 20:44:03,688 - INFO - 
 The number of startups found in page 2 is: 9 
2025-06-20 20:44:03,911 - INFO - Added "Prod'air".
2025-06-20 20:44:04,269 - INFO - Added "AL AKHAWAYN UNIVERSITY".
2025-06-20 20:44:04,617 - INFO - Added "Arcanes Technologies".
2025-06-20 20:44:04,953 - INFO - Added "ITFACTO".
2025-06-20 20:44:05,310 - INFO - Added "Pulse Informatique".
2025-06-20 20:44:05,620 - INFO - Added "Réseau Entreprendre Maroc".
2025-06-20 20:44:05,931 - INFO - Added "Happy Ventures".
2025-06-20 20:44:06,226 - INFO - Added "Innovation Process Control".
2025-06-20 20:44:06,516 - INFO - Added "Association Enactus Morocco".
2025-06-20 20:44:06,643 - INFO - 
 The number of startups found in page 3 is: 9 
2025-06-20 20:44:06,832 - INFO - Added "Centre des Jeunes Dirigeants".
2025-06-20 20:44:07,208 - INFO - Added "xHub".
2025-06-20 20:44:07,649 - INFO - Added "BCLOUD Consulting".
2025-06-20 20:44:08,016 - INFO - Added "BMCE BANK".
2025-06-20 20:44:08,382 - INFO - Added "Welearn".
2025-06-20 20:44:08,748 - INFO - Added "Mosaiclab".
2025-06-20 20:44:09,122 - INFO - Added "Easyrun".
2025-06-20 20:44:09,527 - INFO - Added "ZEN NETWORKS".
2025-06-20 20:44:09,903 - INFO - Added "INSTITUT NATIONAL DES POSTES ET TELECOMMUNICATIONS (INPT)".
2025-06-20 20:44:10,129 - INFO - 
 The number of startups found in page 4 is: 9 
2025-06-20 20:44:10,389 - INFO - Added "ATRAIT TECHNOLOGIES".
2025-06-20 20:44:10,811 - INFO - Added "ACTIVELABS".
2025-06-20 20:44:11,343 - INFO - Added "Inovadex Consulting".
2025-06-20 20:44:11,784 - INFO - Added "HUMAN MARKETING CONSULTING".
2025-06-20 20:44:12,212 - INFO - Added "OMNISHORE SARL".
2025-06-20 20:44:12,629 - INFO - Added "ECONER SARL".
2025-06-20 20:44:13,048 - INFO - Added "Skylark Services".
2025-06-20 20:44:13,460 - INFO - Added "La startup station".
2025-06-20 20:44:13,885 - INFO - Added "PIXELWEB".
2025-06-20 20:44:14,179 - INFO - 
 The number of startups found in page 5 is: 9 
2025-06-20 20:44:14,366 - INFO - Added "CYCLAD MAROC".
2025-06-20 20:44:14,941 - INFO - Added "Precision Systems".
2025-06-20 20:44:15,457 - INFO - Added "SMARTBUS".
2025-06-20 20:44:15,956 - INFO - Added "WGENCY".
2025-06-20 20:44:16,456 - INFO - Added "Positeams SARL".
2025-06-20 20:44:16,966 - INFO - Added "JOB2COM".
2025-06-20 20:44:17,450 - INFO - Added "Education Media Company".
2025-06-20 20:44:17,934 - INFO - Added "DABATEK".
2025-06-20 20:44:18,435 - INFO - Added "gest'up sarl".
2025-06-20 20:44:18,745 - INFO - 
 The number of startups found in page 6 is: 9 
2025-06-20 20:44:18,937 - INFO - Added "LBA Factory".
2025-06-20 20:44:19,523 - INFO - Added "DevoTech".
2025-06-20 20:44:20,145 - INFO - Added "HOUSSNIJOB".
2025-06-20 20:44:20,701 - INFO - Added "AgenZ SARL".
2025-06-20 20:44:21,274 - INFO - Added "Orange StartOn".
2025-06-20 20:44:21,887 - INFO - Added "ODDNET".
2025-06-20 20:44:22,426 - INFO - Added "TENORS COMPETENCES".
2025-06-20 20:44:22,940 - INFO - Added "SAGIDEV".
2025-06-20 20:44:23,487 - INFO - Added "Onedustry Technologies SARL".
2025-06-20 20:44:23,873 - INFO - 
 The number of startups found in page 7 is: 9 
2025-06-20 20:44:24,067 - INFO - Added "Hsabati".
2025-06-20 20:44:24,708 - INFO - Added "GE Network".
2025-06-20 20:44:25,346 - INFO - Added "I-City".
2025-06-20 20:44:25,996 - INFO - Added "CLOUDFRET".
2025-06-20 20:44:26,688 - INFO - Added "The Nameless Company".
2025-06-20 20:44:28,012 - INFO - Added "CEED MOROCCO".
2025-06-20 20:44:28,908 - INFO - Added "Dinomite Studios".
2025-06-20 20:44:29,559 - INFO - Added "SCA prod".
2025-06-20 20:44:30,337 - INFO - Added "MEDIA FUSION".
2025-06-20 20:44:30,930 - INFO - 
 The number of startups found in page 8 is: 9 
2025-06-20 20:44:31,167 - INFO - Added "COGNERP NORTH AFRICA /COGNITUS".
2025-06-20 20:44:32,015 - INFO - Added "Centre Tamkeen".
2025-06-20 20:44:32,739 - INFO - Added "Id&a tech".
2025-06-20 20:44:33,534 - INFO - Added "DEALKHIR".
2025-06-20 20:44:34,304 - INFO - Added "Ta7alil2.0".
2025-06-20 20:44:35,100 - INFO - Added "Wojod".
2025-06-20 20:44:35,838 - INFO - Added "advance agency".
2025-06-20 20:44:36,660 - INFO - Added "HD VISION GROUPE".
2025-06-20 20:44:37,414 - INFO - Added "MONTBLANC CONSULTING".
2025-06-20 20:44:38,290 - INFO - 
 The number of startups found in page 9 is: 9 
2025-06-20 20:44:38,525 - INFO - Added "Vetras Electronics".
2025-06-20 20:44:39,342 - INFO - Added "BENGY.H SOLUTIONS".
2025-06-20 20:44:40,306 - INFO - Added "QC Tech SARL".
2025-06-20 20:44:41,425 - INFO - Added "HumanTech Solutions".
2025-06-20 20:44:42,407 - INFO - Added "ONLINE DIGITAL MEDIA AGENCY".
2025-06-20 20:44:43,411 - INFO - Added "U AXELERATE".
2025-06-20 20:44:44,451 - INFO - Added "ARIST".
2025-06-20 20:44:45,469 - INFO - Added "GAME UP".
2025-06-20 20:44:46,372 - INFO - Added "DIGI FIRM".
2025-06-20 20:44:47,018 - INFO - 
 The number of startups found in page 10 is: 9 
2025-06-20 20:44:47,328 - INFO - Added "Iosen tech".
2025-06-20 20:44:48,407 - INFO - Added "ACAL Solutions".
2025-06-20 20:44:49,262 - INFO - Added "IS-TECH".
2025-06-20 20:44:50,192 - INFO - Added "Go Branding".
2025-06-20 20:44:51,180 - INFO - Added "TEC FORGE SARL".
2025-06-20 20:44:52,224 - INFO - Added "RÉFÉRENCEMENT WEB".
2025-06-20 20:44:53,262 - INFO - Added "ZY DEV SARL".
2025-06-20 20:44:54,408 - INFO - Added "Conseil Khatim".
2025-06-20 20:44:55,341 - INFO - Added "Alliance Ever".
2025-06-20 20:44:56,028 - INFO - 
 The number of startups found in page 11 is: 9 
2025-06-20 20:44:56,245 - INFO - Added "Marka Solution".
2025-06-20 20:44:57,213 - INFO - Added "PIGMA SYSTEM SARL".
2025-06-20 20:44:58,334 - INFO - Added "Coding Art".
2025-06-20 20:44:59,359 - INFO - Added "GRAVITON SOLUTIONS".
2025-06-20 20:45:00,435 - INFO - Added "EBTIKARWEB".
2025-06-20 20:45:01,363 - INFO - Added "MZ LOUAFI".
2025-06-20 20:45:02,435 - INFO - Added "Zenika Technology".
2025-06-20 20:45:03,472 - INFO - Added "YOKAMOS SARL".
2025-06-20 20:45:04,548 - INFO - Added "BIBORNE".
2025-06-20 20:45:05,393 - INFO - 
 The number of startups found in page 12 is: 9 
2025-06-20 20:45:05,610 - INFO - Added "NOWEDGE SARL".
2025-06-20 20:45:06,945 - INFO - Added "Meriva".
2025-06-20 20:45:08,178 - INFO - Added "KEKELI ACADEMY".
2025-06-20 20:45:09,372 - INFO - Added "SONATE TECHNOLOGIE".
2025-06-20 20:45:10,425 - INFO - Added "Hisneo".
2025-06-20 20:45:11,937 - INFO - Added "Euryops".
2025-06-20 20:45:13,043 - INFO - Added "GEOAP".
2025-06-20 20:45:14,275 - INFO - Added "MARKET SHARE SARL".
2025-06-20 20:45:15,470 - INFO - Added "Noops".
2025-06-20 20:45:16,379 - INFO - 
 The number of startups found in page 13 is: 9 
2025-06-20 20:45:16,626 - INFO - Added "ESSANET MAROC".
2025-06-20 20:45:17,765 - INFO - Added "Wedo app".
2025-06-20 20:45:18,862 - INFO - Added "BitBot".
2025-06-20 20:45:19,926 - INFO - Added "Marketpill".
2025-06-20 20:45:21,006 - INFO - Added "SG digital and service".
2025-06-20 20:45:22,165 - INFO - Added "BIM'R Engineering".
2025-06-20 20:45:23,291 - INFO - Added "Thinksoft solutions".
2025-06-20 20:45:24,493 - INFO - Added "EGA SOLUTIONS SARL".
2025-06-20 20:45:25,699 - INFO - Added "SOCIETE SILYA BUSINESS".
2025-06-20 20:45:26,657 - INFO - 
 The number of startups found in page 14 is: 9 
2025-06-20 20:45:26,850 - INFO - Added "Kayan Arts".
2025-06-20 20:45:28,092 - INFO - Added "NEXT CONSULTING".
2025-06-20 20:45:29,729 - INFO - Added "DIGILION AGENCY".
2025-06-20 20:45:31,128 - INFO - Added "SOCIETE AFRICAINE DE L'ORGANISATION ET DE DEVELOPPEMENT DES METIERS DES INDEPENDANTS".
2025-06-20 20:45:32,538 - INFO - Added "D-EXPERTS".
2025-06-20 20:45:34,265 - INFO - Added "New Global Electronics".
2025-06-20 20:45:35,567 - INFO - Added "10gital".
2025-06-20 20:45:37,090 - INFO - Added "Fondation HIBA".
2025-06-20 20:45:38,672 - INFO - Added "LeMarketing Maroc".
2025-06-20 20:45:39,987 - INFO - 
 The number of startups found in page 15 is: 9 
2025-06-20 20:45:40,173 - INFO - Added "Assala Production".
2025-06-20 20:45:41,391 - INFO - Added "Ethical Data Security".
2025-06-20 20:45:42,643 - INFO - Added "Bewize".
2025-06-20 20:45:43,858 - INFO - Added "Featury Maroc".
2025-06-20 20:45:45,173 - INFO - Added "CDA CONSULTING".
2025-06-20 20:45:46,371 - INFO - Added "AFFAIRINO".
2025-06-20 20:45:47,543 - INFO - Added "TRT POS".
2025-06-20 20:45:48,903 - INFO - Added "GIFT MANAGEMENT MOROCCO".
2025-06-20 20:45:50,215 - INFO - Added "DIGITAL4YOU CONSULTING".
2025-06-20 20:45:51,407 - INFO - 
 The number of startups found in page 16 is: 9 
2025-06-20 20:45:51,595 - INFO - Added "SAHAB DEV".
2025-06-20 20:45:52,960 - INFO - Added "Schoolify".
2025-06-20 20:45:54,333 - INFO - Added "V5 DIGITAL".
2025-06-20 20:45:55,922 - INFO - Added "ISSROAD".
